21/02/2023 19:24:45 html_raw_no_NO_modelx_20180831171858.html does not contain valid JSON!
21/02/2023 19:24:45 html_raw_zh_CN_models_20160309075441.html does not contain valid JSON!
21/02/2023 19:24:45 html_raw_de_DE_models_20170506005534.html does not contain valid JSON!
21/02/2023 19:24:45 html_raw_en_US_modelx_20161222102256.html does not contain valid JSON!
21/02/2023 19:24:45 html_raw_de_DE_models_20181014014151.html does not contain valid JSON!
21/02/2023 19:24:45 html_raw_en_US_modelx_20180807103534.html does not contain valid JSON!
21/02/2023 19:24:45 html_raw_zh_CN_models_20160308123617.html does not contain valid JSON!
21/02/2023 19:24:45 html_raw_en_US_modelx_20181018111144.html does not contain valid JSON!
21/02/2023 19:24:45 html_raw_no_NO_models_20161022140734.html does not contain valid JSON!
21/02/2023 19:24:45 html_raw_zh_CN_models_20170419135036.html does not contain valid JSON!
21/02/2023 19:24:45 html_raw_en_US_models_20170414170918.html does not contain valid JSON!
21/02/2023 19:24:45 html_raw_no_NO_modelx_20181030232031.html does not contain valid JSON!
21/02/2023 19:24:45 html_raw_zh_CN_models_20150314184056.html does not contain valid JSON!
21/02/2023 19:24:45 html_raw_en_US_models_20180823115516.html does not contain valid JSON!
21/02/2023 19:24:45 html_raw_en_US_models_20171202153429.html does not contain valid JSON!
21/02/2023 19:24:45 html_raw_en_US_models_20180920154139.html does not contain valid JSON!
21/02/2023 19:24:45 html_raw_en_US_models_20170324112421.html does not contain valid JSON!
21/02/2023 19:24:45 html_raw_en_US_modelx_20170202194434.html does not contain valid JSON!
21/02/2023 19:24:45 html_raw_en_US_modelx_20161212040751.html does not contain valid JSON!
21/02/2023 19:24:45 html_raw_en_US_models_20170112143359.html does not contain valid JSON!
21/02/2023 19:24:45 html_raw_de_DE_modelx_20160820074658.html does not contain valid JSON!
21/02/2023 19:24:45 html_raw_de_DE_modelx_20180118041838.html does not contain valid JSON!
21/02/2023 19:24:45 html_raw_zh_CN_models_20181017183652.html does not contain valid JSON!
21/02/2023 19:24:45 html_raw_de_DE_modelx_20170127153001.html does not contain valid JSON!
21/02/2023 19:24:45 html_raw_zh_CN_models_20170728080425.html does not contain valid JSON!
21/02/2023 19:24:45 html_raw_no_NO_modelx_20181014054321.html does not contain valid JSON!
21/02/2023 19:24:45 html_raw_zh_CN_models_20180712001725.html does not contain valid JSON!
21/02/2023 19:24:45 html_raw_zh_CN_modelx_20181013042646.html does not contain valid JSON!
21/02/2023 19:24:45 html_raw_en_US_models_20181014013724.html does not contain valid JSON!
21/02/2023 19:24:45 html_raw_en_US_models_20170418071936.html does not contain valid JSON!
21/02/2023 19:24:45 html_raw_zh_CN_models_20141228225245.html does not contain valid JSON!
21/02/2023 19:24:45 html_raw_en_US_model3_20190312034010.html does not contain valid JSON!
21/02/2023 19:24:45 html_raw_en_US_models_20160822064222.html does not contain valid JSON!
21/02/2023 19:24:45 html_raw_en_US_modelx_20161214024509.html does not contain valid JSON!
21/02/2023 19:24:45 html_raw_en_US_models_20170805081306.html does not contain valid JSON!
21/02/2023 19:24:45 html_raw_zh_CN_modelx_20181030230254.html does not contain valid JSON!
21/02/2023 19:24:45 html_raw_en_US_models_20180831122119.html does not contain valid JSON!
21/02/2023 19:24:45 html_raw_en_US_modelx_20170209113642.html does not contain valid JSON!
21/02/2023 19:24:45 html_raw_de_DE_modelx_20181017075205.html does not contain valid JSON!
21/02/2023 19:24:45 html_raw_de_DE_modelx_20161023195319.html does not contain valid JSON!
21/02/2023 19:24:45 html_raw_zh_CN_modelx_20180118041300.html does not contain valid JSON!
21/02/2023 19:24:45 html_raw_en_US_models_20190310190320.html does not contain valid JSON!
21/02/2023 19:24:45 html_raw_en_US_models_20171130072814.html does not contain valid JSON!
21/02/2023 19:24:45 html_raw_en_US_modelx_20161129043548.html does not contain valid JSON!
21/02/2023 19:24:45 html_raw_de_DE_models_20181127023007.html does not contain valid JSON!
21/02/2023 19:24:45 html_raw_no_NO_models_20180201042413.html does not contain valid JSON!
21/02/2023 19:24:45 html_raw_en_US_models_20161224082911.html does not contain valid JSON!
21/02/2023 19:24:45 html_raw_en_US_modelx_20171119042425.html does not contain valid JSON!
21/02/2023 19:24:45 html_raw_zh_CN_models_20170418131956.html does not contain valid JSON!
21/02/2023 19:24:45 html_raw_zh_CN_modelx_20171101233031.html does not contain valid JSON!
21/02/2023 19:24:45 html_raw_no_NO_modelx_20180711230754.html does not contain valid JSON!
21/02/2023 19:24:45 html_raw_en_US_models_20180808020734.html does not contain valid JSON!
21/02/2023 19:24:45 html_raw_de_DE_models_20170418132949.html does not contain valid JSON!
21/02/2023 19:24:45 html_raw_no_NO_modelx_20180118041610.html does not contain valid JSON!
21/02/2023 19:24:45 html_raw_de_DE_models_20181016033907.html does not contain valid JSON!
21/02/2023 19:24:45 html_raw_en_US_models_20161212040740.html does not contain valid JSON!
21/02/2023 19:24:45 html_raw_no_NO_models_20180806143142.html does not contain valid JSON!
21/02/2023 19:24:45 html_raw_zh_CN_modelx_20181018111145.html does not contain valid JSON!
21/02/2023 19:24:45 html_raw_en_US_modelx_20170914203216.html does not contain valid JSON!
21/02/2023 19:24:45 html_raw_zh_CN_modelx_20180805183102.html does not contain valid JSON!
21/02/2023 19:24:45 html_raw_en_US_models_20181016033500.html does not contain valid JSON!
21/02/2023 19:24:45 html_raw_zh_CN_models_20141117113844.html does not contain valid JSON!
21/02/2023 19:24:45 html_raw_en_US_modelx_20181013042634.html does not contain valid JSON!
21/02/2023 19:24:45 html_raw_de_DE_models_20180806143242.html does not contain valid JSON!
21/02/2023 19:24:45 html_raw_de_DE_models_20190324081808.html does not contain valid JSON!
21/02/2023 19:24:45 html_raw_en_US_models_20170706122901.html does not contain valid JSON!
21/02/2023 19:24:45 html_raw_en_US_models_20190309154937.html does not contain valid JSON!
21/02/2023 19:24:45 html_raw_en_US_models_20170105060557.html does not contain valid JSON!
21/02/2023 19:24:45 html_raw_en_US_modelx_20161206031833.html does not contain valid JSON!
21/02/2023 19:24:45 html_raw_zh_CN_modelx_20181020132608.html does not contain valid JSON!
21/02/2023 19:24:45 html_raw_zh_CN_modelx_20170726181525.html does not contain valid JSON!
21/02/2023 19:24:45 html_raw_en_US_models_20161115075320.html does not contain valid JSON!
21/02/2023 19:24:45 html_raw_en_US_models_20161213043953.html does not contain valid JSON!
21/02/2023 19:24:45 html_raw_no_NO_models_20180711203913.html does not contain valid JSON!
21/02/2023 19:24:45 html_raw_de_DE_models_20181112172610.html does not contain valid JSON!
21/02/2023 19:24:45 html_raw_en_US_modelx_20181021144508.html does not contain valid JSON!
21/02/2023 19:24:45 html_raw_en_US_models_20170829051601.html does not contain valid JSON!
21/02/2023 19:24:45 html_raw_en_US_modelx_20160820081753.html does not contain valid JSON!
21/02/2023 19:24:45 html_raw_en_US_models_20171123073622.html does not contain valid JSON!
21/02/2023 19:24:45 html_raw_zh_CN_models_20160609185558.html does not contain valid JSON!
21/02/2023 19:24:45 html_raw_en_US_models_20171201000705.html does not contain valid JSON!
21/02/2023 19:24:45 html_raw_en_US_models_20171214065055.html does not contain valid JSON!
21/02/2023 19:24:45 html_raw_zh_CN_models_20170506045516.html does not contain valid JSON!
21/02/2023 19:24:45 html_raw_en_US_modelx_20170126112709.html does not contain valid JSON!
21/02/2023 19:24:45 html_raw_no_NO_models_20190324081743.html does not contain valid JSON!
21/02/2023 19:24:45 html_raw_en_US_models_20180524031204.html does not contain valid JSON!
21/02/2023 19:24:45 html_raw_en_US_models_20181004173721.html does not contain valid JSON!
21/02/2023 19:24:45 html_raw_en_US_models_20161214024458.html does not contain valid JSON!
21/02/2023 19:24:45 html_raw_en_US_models_20170520123415.html does not contain valid JSON!
21/02/2023 19:24:45 html_raw_en_US_modelx_20161213044003.html does not contain valid JSON!
21/02/2023 19:24:45 html_raw_de_DE_models_20161118150841.html does not contain valid JSON!
21/02/2023 19:24:45 html_raw_zh_CN_modelx_20181014053756.html does not contain valid JSON!
21/02/2023 19:24:45 html_raw_no_NO_models_20170127085213.html does not contain valid JSON!
21/02/2023 19:24:45 html_raw_no_NO_models_20181017184215.html does not contain valid JSON!
21/02/2023 19:24:45 html_raw_de_DE_modelx_20181018111621.html does not contain valid JSON!
21/02/2023 19:24:45 html_raw_de_DE_modelx_20190406160713.html does not contain valid JSON!
21/02/2023 19:24:45 html_raw_zh_CN_models_20181107193400.html does not contain valid JSON!
21/02/2023 19:24:45 html_raw_zh_CN_models_20150206002222.html does not contain valid JSON!
21/02/2023 19:24:45 html_raw_zh_CN_modelx_20180806122349.html does not contain valid JSON!
21/02/2023 19:24:45 html_raw_de_DE_models_20180513200838.html does not contain valid JSON!
21/02/2023 19:24:45 html_raw_zh_CN_modelx_20181006013045.html does not contain valid JSON!
21/02/2023 19:24:45 html_raw_en_US_models_20170316070430.html does not contain valid JSON!
21/02/2023 19:24:45 html_raw_en_US_modelx_20180812020822.html does not contain valid JSON!
21/02/2023 19:24:45 html_raw_no_NO_models_20190423120252.html does not contain valid JSON!
21/02/2023 19:24:45 html_raw_zh_CN_models_20160422002249.html does not contain valid JSON!
21/02/2023 19:24:45 html_raw_zh_CN_models_20141129005855.html does not contain valid JSON!
21/02/2023 19:24:45 html_raw_en_US_models_20170416052702.html does not contain valid JSON!
21/02/2023 19:24:45 html_raw_en_US_modelx_20160916091149.html does not contain valid JSON!
21/02/2023 19:24:45 html_raw_en_US_models_20170703131228.html does not contain valid JSON!
21/02/2023 19:24:45 html_raw_de_DE_models_20180107150604.html does not contain valid JSON!
21/02/2023 19:24:45 html_raw_zh_CN_models_20190324081230.html does not contain valid JSON!
21/02/2023 19:24:45 html_raw_en_US_modelx_20180227202134.html does not contain valid JSON!
21/02/2023 19:24:45 html_raw_de_DE_modelx_20181013043049.html does not contain valid JSON!
21/02/2023 19:24:45 html_raw_de_DE_models_20181015024020.html does not contain valid JSON!
21/02/2023 19:24:45 html_raw_en_US_models_20170331110351.html does not contain valid JSON!
21/02/2023 19:24:45 html_raw_zh_CN_models_20180107150044.html does not contain valid JSON!
21/02/2023 19:24:45 html_raw_en_US_modelx_20161209004539.html does not contain valid JSON!
21/02/2023 19:24:45 html_raw_en_US_models_20171225232211.html does not contain valid JSON!
21/02/2023 19:24:45 html_raw_en_US_modelx_20170119090924.html does not contain valid JSON!
21/02/2023 19:24:45 html_raw_de_DE_models_20181013033522.html does not contain valid JSON!
21/02/2023 19:24:45 html_raw_no_NO_modelx_20180201095331.html does not contain valid JSON!
21/02/2023 19:24:45 html_raw_zh_CN_modelx_20160816200821.html does not contain valid JSON!
21/02/2023 19:24:45 html_raw_en_US_models_20170809104250.html does not contain valid JSON!
21/02/2023 19:24:45 html_raw_no_NO_models_20181015024136.html does not contain valid JSON!
21/02/2023 19:24:45 html_raw_de_DE_models_20170728062521.html does not contain valid JSON!
21/02/2023 19:24:45 html_raw_no_NO_modelx_20180805183057.html does not contain valid JSON!
21/02/2023 19:24:45 html_raw_en_US_models_20181013033120.html does not contain valid JSON!
21/02/2023 19:24:45 html_raw_de_DE_models_20181126200648.html does not contain valid JSON!
21/02/2023 19:24:45 html_raw_no_NO_models_20170418133011.html does not contain valid JSON!
21/02/2023 19:24:45 html_raw_no_NO_models_20170506005600.html does not contain valid JSON!
21/02/2023 19:24:45 html_raw_en_US_modelx_20180830031345.html does not contain valid JSON!
21/02/2023 19:24:45 html_raw_en_US_models_20180906142840.html does not contain valid JSON!
21/02/2023 19:24:45 html_raw_de_DE_modelx_20171101123637.html does not contain valid JSON!
21/02/2023 19:24:45 html_raw_en_US_modelx_20180811010016.html does not contain valid JSON!
21/02/2023 19:24:45 html_raw_en_US_models_20181015023619.html does not contain valid JSON!
21/02/2023 19:24:45 html_raw_en_US_models_20180611081244.html does not contain valid JSON!
21/02/2023 19:24:45 html_raw_no_NO_models_20170728062300.html does not contain valid JSON!
21/02/2023 19:24:45 html_raw_en_US_models_20180319004615.html does not contain valid JSON!
21/02/2023 19:24:45 html_raw_en_US_modelx_20181030230242.html does not contain valid JSON!
21/02/2023 19:24:45 html_raw_en_US_models_20180811153416.html does not contain valid JSON!
21/02/2023 19:24:45 html_raw_en_US_models_20180107150041.html does not contain valid JSON!
21/02/2023 19:24:45 html_raw_en_US_models_20161206031822.html does not contain valid JSON!
21/02/2023 19:24:45 html_raw_en_US_models_20180816100132.html does not contain valid JSON!
21/02/2023 19:24:45 html_raw_en_US_models_20171018072510.html does not contain valid JSON!
21/02/2023 19:24:45 html_raw_no_NO_modelx_20170127130013.html does not contain valid JSON!
21/02/2023 19:24:45 html_raw_en_US_models_20170412055600.html does not contain valid JSON!
21/02/2023 19:24:45 html_raw_zh_CN_models_20160316112544.html does not contain valid JSON!
21/02/2023 19:24:45 html_raw_en_US_models_20180423035329.html does not contain valid JSON!
21/02/2023 19:24:45 html_raw_en_US_modelx_20170105060611.html does not contain valid JSON!
21/02/2023 19:24:45 html_raw_no_NO_modelx_20181018111751.html does not contain valid JSON!
21/02/2023 19:24:45 html_raw_zh_CN_models_20151027141916.html does not contain valid JSON!
21/02/2023 19:24:45 html_raw_en_US_models_20170422134041.html does not contain valid JSON!
21/02/2023 19:24:45 html_raw_zh_CN_models_20150828062644.html does not contain valid JSON!
21/02/2023 19:24:45 html_raw_de_DE_models_20161022141000.html does not contain valid JSON!
21/02/2023 19:24:45 html_raw_zh_CN_models_20190423121609.html does not contain valid JSON!
21/02/2023 19:24:45 html_raw_en_US_models_20180802105513.html does not contain valid JSON!
21/02/2023 19:24:45 html_raw_en_US_models_20170407121913.html does not contain valid JSON!
21/02/2023 19:24:45 html_raw_en_US_models_20170202194423.html does not contain valid JSON!
21/02/2023 19:24:45 html_raw_en_US_models_20170513120825.html does not contain valid JSON!
21/02/2023 19:24:45 html_raw_de_DE_models_20160914204450.html does not contain valid JSON!
21/02/2023 19:24:45 html_raw_de_DE_modelx_20181021144921.html does not contain valid JSON!
21/02/2023 19:24:45 html_raw_en_US_modelx_20170210031118.html does not contain valid JSON!
21/02/2023 19:24:45 html_raw_en_US_modelx_20181017074757.html does not contain valid JSON!
21/02/2023 19:24:45 html_raw_en_US_modelx_20181016075827.html does not contain valid JSON!
21/02/2023 19:24:45 html_raw_en_US_models_20170223173954.html does not contain valid JSON!
21/02/2023 19:24:45 html_raw_no_NO_modelx_20181002070512.html does not contain valid JSON!
21/02/2023 19:24:45 html_raw_en_US_models_20171125100233.html does not contain valid JSON!
21/02/2023 19:24:45 html_raw_en_US_models_20180807053532.html does not contain valid JSON!
21/02/2023 19:24:45 html_raw_en_US_modelx_20180201171113.html does not contain valid JSON!
21/02/2023 19:24:45 html_raw_en_US_modelx_20180612143558.html does not contain valid JSON!
21/02/2023 19:24:45 html_raw_en_US_models_20171207072106.html does not contain valid JSON!
21/02/2023 19:24:45 html_raw_en_US_models_20170726181354.html does not contain valid JSON!
21/02/2023 19:24:45 html_raw_en_US_models_20181113063407.html does not contain valid JSON!
21/02/2023 19:24:45 html_raw_zh_CN_modelx_20181017074758.html does not contain valid JSON!
21/02/2023 19:24:45 html_raw_en_US_models_20170310094711.html does not contain valid JSON!
21/02/2023 19:24:45 html_raw_zh_CN_modelx_20181016075828.html does not contain valid JSON!
21/02/2023 19:24:45 html_raw_zh_CN_models_20180806122414.html does not contain valid JSON!
21/02/2023 19:24:45 html_raw_zh_CN_modelx_20180712052901.html does not contain valid JSON!
21/02/2023 19:24:45 html_raw_zh_CN_modelx_20180209234209.html does not contain valid JSON!
21/02/2023 19:24:45 html_raw_en_US_modelx_20180817102815.html does not contain valid JSON!
21/02/2023 19:24:45 html_raw_en_US_modelx_20180929080654.html does not contain valid JSON!
21/02/2023 19:24:45 html_raw_no_NO_models_20170726181426.html does not contain valid JSON!
21/02/2023 19:24:45 html_raw_de_DE_models_20170127035628.html does not contain valid JSON!
21/02/2023 19:24:45 html_raw_en_US_models_20160912175418.html does not contain valid JSON!
21/02/2023 19:24:45 html_raw_zh_CN_modelx_20160916095404.html does not contain valid JSON!
21/02/2023 19:24:45 html_raw_en_US_models_20161229074918.html does not contain valid JSON!
21/02/2023 19:24:45 html_raw_en_US_models_20170603155057.html does not contain valid JSON!
21/02/2023 19:24:45 html_raw_zh_CN_models_20180814054922.html does not contain valid JSON!
21/02/2023 19:24:45 html_raw_en_US_models_20170708022626.html does not contain valid JSON!
21/02/2023 19:24:45 html_raw_zh_CN_models_20171114085730.html does not contain valid JSON!
21/02/2023 19:24:45 html_raw_en_US_models_20160826105750.html does not contain valid JSON!
21/02/2023 19:24:45 html_raw_en_US_models_20170617160249.html does not contain valid JSON!
21/02/2023 19:24:45 html_raw_en_US_models_20170610150619.html does not contain valid JSON!
21/02/2023 19:24:45 html_raw_en_US_models_20180201105827.html does not contain valid JSON!
21/02/2023 19:24:45 html_raw_en_US_models_20171109061706.html does not contain valid JSON!
21/02/2023 19:24:45 html_raw_en_US_models_20170504001521.html does not contain valid JSON!
21/02/2023 19:24:45 html_raw_zh_CN_models_20181013033142.html does not contain valid JSON!
21/02/2023 19:24:45 html_raw_de_DE_modelx_20181020133002.html does not contain valid JSON!
21/02/2023 19:24:45 html_raw_zh_CN_models_20161230042532.html does not contain valid JSON!
21/02/2023 19:24:45 html_raw_en_US_models_20180815202058.html does not contain valid JSON!
21/02/2023 19:24:45 html_raw_en_US_models_20181011193749.html does not contain valid JSON!
21/02/2023 19:24:45 html_raw_en_US_model3_20190313020852.html does not contain valid JSON!
21/02/2023 19:24:45 html_raw_zh_CN_models_20161229160307.html does not contain valid JSON!
21/02/2023 19:24:45 html_raw_en_US_models_20170303100059.html does not contain valid JSON!
21/02/2023 19:24:45 html_raw_no_NO_models_20181013033641.html does not contain valid JSON!
21/02/2023 19:24:45 html_raw_en_US_models_20180726085525.html does not contain valid JSON!
21/02/2023 19:24:45 html_raw_en_US_models_20170415031850.html does not contain valid JSON!
21/02/2023 19:24:45 html_raw_en_US_models_20180402015535.html does not contain valid JSON!
21/02/2023 19:24:45 html_raw_en_US_models_20161129043537.html does not contain valid JSON!
21/02/2023 19:24:45 html_raw_no_NO_models_20160914220800.html does not contain valid JSON!
21/02/2023 19:24:45 html_raw_en_US_modelx_20161026161642.html does not contain valid JSON!
21/02/2023 19:24:45 html_raw_zh_CN_modelx_20160804160305.html does not contain valid JSON!
21/02/2023 19:24:45 html_raw_en_US_models_20161007061340.html does not contain valid JSON!
21/02/2023 19:24:45 html_raw_de_DE_modelx_20190324060321.html does not contain valid JSON!
21/02/2023 19:24:45 html_raw_en_US_modelx_20161115075334.html does not contain valid JSON!
21/02/2023 19:24:45 html_raw_en_US_models_20180409030149.html does not contain valid JSON!
21/02/2023 19:24:45 html_raw_en_US_models_20181023211018.html does not contain valid JSON!
21/02/2023 19:24:45 html_raw_en_US_models_20180430044648.html does not contain valid JSON!
21/02/2023 19:24:45 html_raw_no_NO_models_20180815074510.html does not contain valid JSON!
21/02/2023 19:24:45 html_raw_en_US_models_20171004070342.html does not contain valid JSON!
21/02/2023 19:24:45 html_raw_en_US_models_20180612140317.html does not contain valid JSON!
21/02/2023 19:24:45 html_raw_en_US_modelx_20160801110213.html does not contain valid JSON!
21/02/2023 19:24:45 html_raw_zh_CN_modelx_20170128122228.html does not contain valid JSON!
21/02/2023 19:24:45 html_raw_zh_CN_models_20180514021639.html does not contain valid JSON!
21/02/2023 19:24:45 html_raw_en_US_models_20170506003948.html does not contain valid JSON!
21/02/2023 19:24:45 html_raw_en_US_models_20171228080604.html does not contain valid JSON!
21/02/2023 19:24:45 html_raw_zh_CN_modelx_20181021144520.html does not contain valid JSON!
21/02/2023 19:24:45 html_raw_en_US_models_20171102043554.html does not contain valid JSON!
21/02/2023 19:24:45 html_raw_en_US_models_20160730021246.html does not contain valid JSON!
21/02/2023 19:24:45 html_raw_zh_CN_models_20170726181445.html does not contain valid JSON!
21/02/2023 19:24:45 html_raw_en_US_models_20160920060444.html does not contain valid JSON!
21/02/2023 19:24:45 html_raw_zh_CN_modelx_20170106072127.html does not contain valid JSON!
21/02/2023 19:24:45 html_raw_no_NO_models_20180107150349.html does not contain valid JSON!
21/02/2023 19:24:45 html_raw_en_US_modelx_20160826192902.html does not contain valid JSON!
21/02/2023 19:24:45 html_raw_no_NO_modelx_20171101122628.html does not contain valid JSON!
21/02/2023 19:24:45 html_raw_de_DE_modelx_20180712004016.html does not contain valid JSON!
21/02/2023 19:24:45 html_raw_en_US_models_20180812090210.html does not contain valid JSON!
21/02/2023 19:24:45 html_raw_en_US_models_20171025074129.html does not contain valid JSON!
21/02/2023 19:24:45 html_raw_en_US_models_20180225213429.html does not contain valid JSON!
21/02/2023 19:24:45 html_raw_zh_CN_models_20180807004352.html does not contain valid JSON!
21/02/2023 19:24:45 html_raw_en_US_models_20170101214638.html does not contain valid JSON!
21/02/2023 19:24:45 html_raw_no_NO_models_20181014014323.html does not contain valid JSON!
21/02/2023 19:24:45 html_raw_en_US_models_20180218205819.html does not contain valid JSON!
21/02/2023 19:24:45 html_raw_en_US_modelx_20180118041430.html does not contain valid JSON!
21/02/2023 19:24:45 html_raw_en_US_modelx_20171117233640.html does not contain valid JSON!
21/02/2023 19:24:45 html_raw_zh_CN_models_20180209163232.html does not contain valid JSON!
21/02/2023 19:24:45 html_raw_en_US_models_20161223062453.html does not contain valid JSON!
21/02/2023 19:24:45 html_raw_en_US_models_20170210031108.html does not contain valid JSON!
21/02/2023 19:24:45 html_raw_zh_CN_models_20171124101106.html does not contain valid JSON!
21/02/2023 19:24:45 html_raw_no_NO_modelx_20181016080417.html does not contain valid JSON!
21/02/2023 19:24:45 html_raw_en_US_models_20180806140102.html does not contain valid JSON!
21/02/2023 19:24:45 html_raw_en_US_modelx_20180805183031.html does not contain valid JSON!
21/02/2023 19:24:45 html_raw_en_US_models_20170905041004.html does not contain valid JSON!
21/02/2023 19:24:45 html_raw_de_DE_models_20180201092131.html does not contain valid JSON!
21/02/2023 19:24:45 html_raw_en_US_models_20180416034623.html does not contain valid JSON!
21/02/2023 19:24:45 html_raw_en_US_models_20171031063733.html does not contain valid JSON!
21/02/2023 19:24:45 html_raw_en_US_models_20170317103602.html does not contain valid JSON!
21/02/2023 19:24:45 html_raw_de_DE_models_20170726181432.html does not contain valid JSON!
21/02/2023 19:24:45 html_raw_no_NO_modelx_20181017075326.html does not contain valid JSON!
21/02/2023 19:24:45 html_raw_en_US_models_20180830042556.html does not contain valid JSON!
21/02/2023 19:24:45 html_raw_en_US_modelx_20171023063300.html does not contain valid JSON!
21/02/2023 19:24:45 html_raw_en_US_model3_20190311162659.html does not contain valid JSON!
21/02/2023 19:24:45 html_raw_en_US_models_20161108062858.html does not contain valid JSON!
21/02/2023 19:24:45 html_raw_en_US_models_20170224085843.html does not contain valid JSON!
21/02/2023 19:24:45 html_raw_no_NO_modelx_20160916091525.html does not contain valid JSON!
21/02/2023 19:24:45 html_raw_zh_CN_models_20160414153832.html does not contain valid JSON!
21/02/2023 19:24:45 html_raw_zh_CN_modelx_20160708230026.html does not contain valid JSON!
21/02/2023 19:24:45 html_raw_no_NO_modelx_20181020133123.html does not contain valid JSON!
21/02/2023 19:24:45 html_raw_en_US_models_20161124190354.html does not contain valid JSON!
21/02/2023 19:24:45 html_raw_no_NO_modelx_20190407140058.html does not contain valid JSON!
21/02/2023 19:24:45 html_raw_no_NO_models_20180513202207.html does not contain valid JSON!
21/02/2023 19:24:45 html_raw_en_US_models_20161122064136.html does not contain valid JSON!
21/02/2023 19:24:45 html_raw_de_DE_modelx_20181014054201.html does not contain valid JSON!
21/02/2023 19:24:45 html_raw_de_DE_models_20170808043402.html does not contain valid JSON!
21/02/2023 19:24:45 html_raw_en_US_models_20180118094004.html does not contain valid JSON!
21/02/2023 19:24:45 html_raw_en_US_modelx_20180901185606.html does not contain valid JSON!
21/02/2023 19:24:45 html_raw_en_US_modelx_20161015214025.html does not contain valid JSON!
21/02/2023 19:24:45 html_raw_en_US_modelx_20180809220344.html does not contain valid JSON!
21/02/2023 19:24:45 html_raw_de_DE_modelx_20181111200553.html does not contain valid JSON!
21/02/2023 19:24:45 html_raw_de_DE_modelx_20181002051807.html does not contain valid JSON!
21/02/2023 19:24:45 html_raw_en_US_models_20180927180019.html does not contain valid JSON!
21/02/2023 19:24:45 html_raw_en_US_models_20170511032018.html does not contain valid JSON!
21/02/2023 19:24:46 html_raw_no_NO_models_20170407130138.html does not contain valid JSON!
21/02/2023 19:24:46 html_raw_en_US_models_20180208143055.html does not contain valid JSON!
21/02/2023 19:24:46 html_raw_en_US_models_20170527141435.html does not contain valid JSON!
21/02/2023 19:24:46 html_raw_en_US_models_20180909022722.html does not contain valid JSON!
21/02/2023 19:24:46 html_raw_no_NO_models_20181016034032.html does not contain valid JSON!
21/02/2023 19:24:46 html_raw_zh_CN_modelx_20190213195352.html does not contain valid JSON!
21/02/2023 19:24:46 html_raw_no_NO_models_20170419135942.html does not contain valid JSON!
21/02/2023 19:24:46 html_raw_de_DE_modelx_20180805183053.html does not contain valid JSON!
21/02/2023 19:24:46 html_raw_no_NO_models_20161229154938.html does not contain valid JSON!
21/02/2023 19:24:46 html_raw_en_US_models_20171119044005.html does not contain valid JSON!
21/02/2023 19:24:46 html_raw_en_US_modelx_20160902105222.html does not contain valid JSON!
21/02/2023 19:24:46 html_raw_en_US_models_20170912050946.html does not contain valid JSON!
21/02/2023 19:24:46 html_raw_zh_CN_models_20150311000821.html does not contain valid JSON!
21/02/2023 19:24:46 html_raw_zh_CN_models_20150207073231.html does not contain valid JSON!
21/02/2023 19:24:46 html_raw_en_US_models_20180311231858.html does not contain valid JSON!
21/02/2023 19:24:46 html_raw_zh_CN_modelx_20171222233113.html does not contain valid JSON!
21/02/2023 19:24:46 html_raw_de_DE_modelx_20180201042608.html does not contain valid JSON!
21/02/2023 19:24:46 html_raw_zh_CN_models_20160602021602.html does not contain valid JSON!
21/02/2023 19:24:46 html_raw_en_US_models_20171221075817.html does not contain valid JSON!
21/02/2023 19:24:46 html_raw_en_US_models_20171114085732.html does not contain valid JSON!
21/02/2023 19:24:46 html_raw_en_US_models_20161209004527.html does not contain valid JSON!
21/02/2023 19:24:46 html_raw_en_US_modelx_20160912175431.html does not contain valid JSON!
21/02/2023 19:24:46 html_raw_no_NO_modelx_20181013043210.html does not contain valid JSON!
21/02/2023 19:24:46 html_raw_en_US_models_20180913150337.html does not contain valid JSON!
21/02/2023 19:24:46 html_raw_no_NO_models_20181112143934.html does not contain valid JSON!
21/02/2023 19:24:46 html_raw_zh_CN_models_20181016033512.html does not contain valid JSON!
21/02/2023 19:24:46 html_raw_en_US_models_20170216165057.html does not contain valid JSON!
21/02/2023 19:24:46 html_raw_en_US_modelx_20181014053743.html does not contain valid JSON!
21/02/2023 19:24:46 html_raw_zh_CN_models_20160729012251.html does not contain valid JSON!
21/02/2023 19:24:46 html_raw_en_US_models_20170404204819.html does not contain valid JSON!
21/02/2023 19:24:46 html_raw_zh_CN_modelx_20190324060149.html does not contain valid JSON!
21/02/2023 19:24:46 html_raw_en_US_models_20180809102240.html does not contain valid JSON!
21/02/2023 19:24:46 html_raw_en_US_modelx_20161122064149.html does not contain valid JSON!
21/02/2023 19:24:46 html_raw_zh_CN_models_20170128093635.html does not contain valid JSON!
21/02/2023 19:24:46 html_raw_en_US_models_20180618093221.html does not contain valid JSON!
21/02/2023 19:24:46 html_raw_de_DE_models_20170419135921.html does not contain valid JSON!
21/02/2023 19:24:46 html_raw_en_US_modelx_20161210044052.html does not contain valid JSON!
21/02/2023 19:24:46 html_raw_en_US_modelx_20190309154948.html does not contain valid JSON!
21/02/2023 19:24:46 html_raw_en_US_models_20181017183640.html does not contain valid JSON!
21/02/2023 19:24:46 html_raw_zh_CN_models_20160517193652.html does not contain valid JSON!
21/02/2023 19:24:46 html_raw_en_US_models_20171011071226.html does not contain valid JSON!
21/02/2023 19:24:46 html_raw_en_US_models_20180125110103.html does not contain valid JSON!
21/02/2023 19:24:46 html_raw_de_DE_modelx_20181016080256.html does not contain valid JSON!
21/02/2023 19:24:46 html_raw_de_DE_models_20181111200444.html does not contain valid JSON!
21/02/2023 19:24:46 html_raw_en_US_modelx_20180806135514.html does not contain valid JSON!
21/02/2023 19:24:46 html_raw_no_NO_modelx_20160820054445.html does not contain valid JSON!
21/02/2023 19:24:46 html_raw_en_US_models_20180304233700.html does not contain valid JSON!
21/02/2023 19:24:46 html_raw_zh_CN_modelx_20180713034356.html does not contain valid JSON!
21/02/2023 19:24:46 html_raw_zh_CN_models_20150215162246.html does not contain valid JSON!
21/02/2023 19:24:46 html_raw_en_US_models_20161022202131.html does not contain valid JSON!
21/02/2023 19:24:46 html_raw_en_US_models_20161221214828.html does not contain valid JSON!
21/02/2023 19:24:46 html_raw_en_US_modelx_20170420213719.html does not contain valid JSON!
21/02/2023 19:24:46 html_raw_en_US_models_20180227202059.html does not contain valid JSON!
21/02/2023 19:24:46 html_raw_en_US_models_20160819114735.html does not contain valid JSON!
21/02/2023 19:24:46 html_raw_en_US_models_20161222102225.html does not contain valid JSON!
21/02/2023 19:24:46 html_raw_no_NO_modelx_20190324060334.html does not contain valid JSON!
21/02/2023 19:24:46 html_raw_en_US_models_20170728061921.html does not contain valid JSON!
21/02/2023 19:24:46 html_raw_zh_CN_models_20150228042826.html does not contain valid JSON!
21/02/2023 19:24:46 html_raw_en_US_modelx_20161229074931.html does not contain valid JSON!
21/02/2023 19:24:46 html_raw_zh_CN_models_20181014013736.html does not contain valid JSON!
21/02/2023 19:24:46 html_raw_zh_CN_modelx_20180807004310.html does not contain valid JSON!
21/02/2023 19:24:46 html_raw_en_US_models_20171211020721.html does not contain valid JSON!
21/02/2023 19:24:46 html_raw_en_US_modelx_20190310190331.html does not contain valid JSON!
21/02/2023 19:24:46 html_raw_zh_CN_models_20150308010432.html does not contain valid JSON!
21/02/2023 19:24:46 html_raw_en_US_models_20170209113625.html does not contain valid JSON!
21/02/2023 19:24:46 html_raw_en_US_models_20170919065658.html does not contain valid JSON!
21/02/2023 19:24:46 html_raw_en_US_models_20181018212306.html does not contain valid JSON!
21/02/2023 19:24:46 html_raw_de_DE_modelx_20160916091617.html does not contain valid JSON!
21/02/2023 19:24:46 html_raw_zh_CN_models_20180823214319.html does not contain valid JSON!
21/02/2023 19:24:46 html_raw_en_US_models_20170419084313.html does not contain valid JSON!
21/02/2023 19:24:46 html_raw_de_DE_models_20190423135506.html does not contain valid JSON!
21/02/2023 19:24:46 html_raw_zh_CN_modelx_20190407122105.html does not contain valid JSON!
21/02/2023 19:24:46 html_raw_en_US_models_20170417063712.html does not contain valid JSON!
21/02/2023 19:24:46 html_raw_en_US_model3_20190315015526.html does not contain valid JSON!
21/02/2023 19:24:46 html_raw_en_US_models_20170923161420.html does not contain valid JSON!
21/02/2023 19:24:46 html_raw_zh_CN_models_20181015023631.html does not contain valid JSON!
21/02/2023 19:24:46 html_raw_en_US_modelx_20170514024139.html does not contain valid JSON!
21/02/2023 19:24:46 html_raw_zh_CN_models_20150216151041.html does not contain valid JSON!
21/02/2023 19:24:46 html_raw_en_US_models_20170119090912.html does not contain valid JSON!
21/02/2023 19:24:46 html_raw_de_DE_models_20161229155040.html does not contain valid JSON!
21/02/2023 19:24:46 html_raw_en_US_models_20160902105210.html does not contain valid JSON!
21/02/2023 19:24:46 html_raw_en_US_models_20161210044039.html does not contain valid JSON!
21/02/2023 19:24:46 html_raw_de_DE_models_20170324115605.html does not contain valid JSON!
21/02/2023 19:24:46 html_raw_en_US_models_20170421133442.html does not contain valid JSON!
21/02/2023 19:24:46 html_raw_en_US_models_20171116090927.html does not contain valid JSON!
21/02/2023 19:24:46 html_raw_en_US_models_20170715170110.html does not contain valid JSON!
21/02/2023 19:24:46 html_raw_de_DE_modelx_20181030231908.html does not contain valid JSON!
21/02/2023 19:24:46 html_raw_de_DE_modelx_20170726181509.html does not contain valid JSON!
21/02/2023 19:24:46 html_raw_en_US_modelx_20181005150638.html does not contain valid JSON!
21/02/2023 19:24:46 html_raw_de_DE_modelx_20180209225053.html does not contain valid JSON!
21/02/2023 19:24:46 html_raw_no_NO_modelx_20181021145039.html does not contain valid JSON!
21/02/2023 19:24:46 html_raw_en_US_models_20180814204125.html does not contain valid JSON!
21/02/2023 19:24:46 html_raw_en_US_models_20180521084014.html does not contain valid JSON!
21/02/2023 19:24:46 html_raw_zh_CN_models_20180617052819.html does not contain valid JSON!
21/02/2023 19:24:46 html_raw_en_US_models_20171204213019.html does not contain valid JSON!
21/02/2023 19:24:46 html_raw_en_US_models_20170609051801.html does not contain valid JSON!
21/02/2023 19:24:46 html_raw_en_US_models_20180104083534.html does not contain valid JSON!
21/02/2023 19:24:46 html_raw_en_US_models_20160729154032.html does not contain valid JSON!
21/02/2023 19:24:46 html_raw_no_NO_modelx_20170726181459.html does not contain valid JSON!
21/02/2023 19:24:46 html_raw_en_US_models_20180326011247.html does not contain valid JSON!
21/02/2023 19:24:46 html_raw_de_DE_models_20171130223635.html does not contain valid JSON!
21/02/2023 19:24:46 html_raw_en_US_modelx_20160819211437.html does not contain valid JSON!
21/02/2023 19:24:46 html_raw_en_US_models_20170126080639.html does not contain valid JSON!
21/02/2023 19:24:46 html_raw_en_US_models_20170701161802.html does not contain valid JSON!
21/02/2023 19:24:46 html_raw_en_US_models_20180111102731.html does not contain valid JSON!
21/02/2023 19:24:46 html_raw_de_DE_models_20180702233315.html does not contain valid JSON!
21/02/2023 19:24:46 html_raw_zh_CN_models_20160616221615.html does not contain valid JSON!
21/02/2023 19:24:46 html_raw_en_US_models_20170624163407.html does not contain valid JSON!
21/02/2023 19:24:46 html_raw_en_US_modelx_20170112143410.html does not contain valid JSON!
21/02/2023 19:24:46 html_raw_de_DE_models_20181017184052.html does not contain valid JSON!
21/02/2023 19:24:46 html_raw_en_US_modelx_20170726181438.html does not contain valid JSON!
21/02/2023 19:24:46 html_raw_en_US_models_20170429070907.html does not contain valid JSON!
21/02/2023 19:24:46 html_raw_en_US_models_20161015214015.html does not contain valid JSON!
21/02/2023 19:24:46 html_raw_en_US_models_20181012191954.html does not contain valid JSON!
21/02/2023 19:24:46 html_raw_en_US_modelx_20161007061358.html does not contain valid JSON!
21/02/2023 19:24:46 html_raw_en_US_modelx_20160920060457.html does not contain valid JSON!
21/02/2023 19:24:46 html_raw_en_US_modelx_20181020132556.html does not contain valid JSON!
21/02/2023 19:24:46 html_raw_en_US_modelx_20161108062909.html does not contain valid JSON!
09/03/2023 00:52:34 html_raw_no_NO_modelx_20180831171858.html does not contain valid JSON!
09/03/2023 00:52:34 html_raw_zh_CN_models_20160309075441.html does not contain valid JSON!
09/03/2023 00:52:34 html_raw_de_DE_models_20170506005534.html does not contain valid JSON!
09/03/2023 00:52:34 html_raw_en_US_modelx_20161222102256.html does not contain valid JSON!
09/03/2023 00:52:34 html_raw_de_DE_models_20181014014151.html does not contain valid JSON!
09/03/2023 00:52:34 html_raw_en_US_modelx_20180807103534.html does not contain valid JSON!
09/03/2023 00:52:34 html_raw_zh_CN_models_20160308123617.html does not contain valid JSON!
09/03/2023 00:52:34 html_raw_en_US_modelx_20181018111144.html does not contain valid JSON!
09/03/2023 00:52:34 html_raw_no_NO_models_20161022140734.html does not contain valid JSON!
09/03/2023 00:52:34 html_raw_zh_CN_models_20170419135036.html does not contain valid JSON!
09/03/2023 00:52:34 html_raw_en_US_models_20170414170918.html does not contain valid JSON!
09/03/2023 00:52:34 html_raw_no_NO_modelx_20181030232031.html does not contain valid JSON!
09/03/2023 00:52:34 html_raw_zh_CN_models_20150314184056.html does not contain valid JSON!
09/03/2023 00:52:34 html_raw_en_US_models_20180823115516.html does not contain valid JSON!
09/03/2023 00:52:34 html_raw_en_US_models_20171202153429.html does not contain valid JSON!
09/03/2023 00:52:34 html_raw_en_US_models_20180920154139.html does not contain valid JSON!
09/03/2023 00:52:34 html_raw_en_US_models_20170324112421.html does not contain valid JSON!
09/03/2023 00:52:34 html_raw_en_US_modelx_20170202194434.html does not contain valid JSON!
09/03/2023 00:52:34 html_raw_en_US_modelx_20161212040751.html does not contain valid JSON!
09/03/2023 00:52:34 html_raw_en_US_models_20170112143359.html does not contain valid JSON!
09/03/2023 00:52:34 html_raw_de_DE_modelx_20160820074658.html does not contain valid JSON!
09/03/2023 00:52:34 html_raw_de_DE_modelx_20180118041838.html does not contain valid JSON!
09/03/2023 00:52:34 html_raw_zh_CN_models_20181017183652.html does not contain valid JSON!
09/03/2023 00:52:34 html_raw_de_DE_modelx_20170127153001.html does not contain valid JSON!
09/03/2023 00:52:34 html_raw_zh_CN_models_20170728080425.html does not contain valid JSON!
09/03/2023 00:52:34 html_raw_no_NO_modelx_20181014054321.html does not contain valid JSON!
09/03/2023 00:52:34 html_raw_zh_CN_models_20180712001725.html does not contain valid JSON!
09/03/2023 00:52:34 html_raw_zh_CN_modelx_20181013042646.html does not contain valid JSON!
09/03/2023 00:52:34 html_raw_en_US_models_20181014013724.html does not contain valid JSON!
09/03/2023 00:52:34 html_raw_en_US_models_20170418071936.html does not contain valid JSON!
09/03/2023 00:52:34 html_raw_zh_CN_models_20141228225245.html does not contain valid JSON!
09/03/2023 00:52:34 html_raw_en_US_model3_20190312034010.html does not contain valid JSON!
09/03/2023 00:52:35 html_raw_en_US_models_20160822064222.html does not contain valid JSON!
09/03/2023 00:52:35 html_raw_en_US_modelx_20161214024509.html does not contain valid JSON!
09/03/2023 00:52:35 html_raw_en_US_models_20170805081306.html does not contain valid JSON!
09/03/2023 00:52:35 html_raw_zh_CN_modelx_20181030230254.html does not contain valid JSON!
09/03/2023 00:52:35 html_raw_en_US_models_20180831122119.html does not contain valid JSON!
09/03/2023 00:52:35 html_raw_en_US_modelx_20170209113642.html does not contain valid JSON!
09/03/2023 00:52:35 html_raw_de_DE_modelx_20181017075205.html does not contain valid JSON!
09/03/2023 00:52:35 html_raw_de_DE_modelx_20161023195319.html does not contain valid JSON!
09/03/2023 00:52:35 html_raw_zh_CN_modelx_20180118041300.html does not contain valid JSON!
09/03/2023 00:52:35 html_raw_en_US_models_20190310190320.html does not contain valid JSON!
09/03/2023 00:52:35 html_raw_en_US_models_20171130072814.html does not contain valid JSON!
09/03/2023 00:52:35 html_raw_en_US_modelx_20161129043548.html does not contain valid JSON!
09/03/2023 00:52:35 html_raw_de_DE_models_20181127023007.html does not contain valid JSON!
09/03/2023 00:52:35 html_raw_no_NO_models_20180201042413.html does not contain valid JSON!
09/03/2023 00:52:35 html_raw_en_US_models_20161224082911.html does not contain valid JSON!
09/03/2023 00:52:35 html_raw_en_US_modelx_20171119042425.html does not contain valid JSON!
09/03/2023 00:52:35 html_raw_zh_CN_models_20170418131956.html does not contain valid JSON!
09/03/2023 00:52:35 html_raw_zh_CN_modelx_20171101233031.html does not contain valid JSON!
09/03/2023 00:52:35 html_raw_no_NO_modelx_20180711230754.html does not contain valid JSON!
09/03/2023 00:52:35 html_raw_en_US_models_20180808020734.html does not contain valid JSON!
09/03/2023 00:52:35 html_raw_de_DE_models_20170418132949.html does not contain valid JSON!
09/03/2023 00:52:35 html_raw_no_NO_modelx_20180118041610.html does not contain valid JSON!
09/03/2023 00:52:35 html_raw_de_DE_models_20181016033907.html does not contain valid JSON!
09/03/2023 00:52:35 html_raw_en_US_models_20161212040740.html does not contain valid JSON!
09/03/2023 00:52:35 html_raw_no_NO_models_20180806143142.html does not contain valid JSON!
09/03/2023 00:52:35 html_raw_zh_CN_modelx_20181018111145.html does not contain valid JSON!
09/03/2023 00:52:35 html_raw_en_US_modelx_20170914203216.html does not contain valid JSON!
09/03/2023 00:52:35 html_raw_zh_CN_modelx_20180805183102.html does not contain valid JSON!
09/03/2023 00:52:35 html_raw_en_US_models_20181016033500.html does not contain valid JSON!
09/03/2023 00:52:35 html_raw_zh_CN_models_20141117113844.html does not contain valid JSON!
09/03/2023 00:52:35 html_raw_en_US_modelx_20181013042634.html does not contain valid JSON!
09/03/2023 00:52:35 html_raw_de_DE_models_20180806143242.html does not contain valid JSON!
09/03/2023 00:52:35 html_raw_de_DE_models_20190324081808.html does not contain valid JSON!
09/03/2023 00:52:35 html_raw_en_US_models_20170706122901.html does not contain valid JSON!
09/03/2023 00:52:35 html_raw_en_US_models_20190309154937.html does not contain valid JSON!
09/03/2023 00:52:35 html_raw_en_US_models_20170105060557.html does not contain valid JSON!
09/03/2023 00:52:35 html_raw_en_US_modelx_20161206031833.html does not contain valid JSON!
09/03/2023 00:52:35 html_raw_zh_CN_modelx_20181020132608.html does not contain valid JSON!
09/03/2023 00:52:35 html_raw_zh_CN_modelx_20170726181525.html does not contain valid JSON!
09/03/2023 00:52:35 html_raw_en_US_models_20161115075320.html does not contain valid JSON!
09/03/2023 00:52:35 html_raw_en_US_models_20161213043953.html does not contain valid JSON!
09/03/2023 00:52:35 html_raw_no_NO_models_20180711203913.html does not contain valid JSON!
09/03/2023 00:52:35 html_raw_de_DE_models_20181112172610.html does not contain valid JSON!
09/03/2023 00:52:35 html_raw_en_US_modelx_20181021144508.html does not contain valid JSON!
09/03/2023 00:52:35 html_raw_en_US_models_20170829051601.html does not contain valid JSON!
09/03/2023 00:52:35 html_raw_en_US_modelx_20160820081753.html does not contain valid JSON!
09/03/2023 00:52:35 html_raw_en_US_models_20171123073622.html does not contain valid JSON!
09/03/2023 00:52:35 html_raw_zh_CN_models_20160609185558.html does not contain valid JSON!
09/03/2023 00:52:35 html_raw_en_US_models_20171201000705.html does not contain valid JSON!
09/03/2023 00:52:35 html_raw_en_US_models_20171214065055.html does not contain valid JSON!
09/03/2023 00:52:35 html_raw_zh_CN_models_20170506045516.html does not contain valid JSON!
09/03/2023 00:52:35 html_raw_en_US_modelx_20170126112709.html does not contain valid JSON!
09/03/2023 00:52:35 html_raw_no_NO_models_20190324081743.html does not contain valid JSON!
09/03/2023 00:52:35 html_raw_en_US_models_20180524031204.html does not contain valid JSON!
09/03/2023 00:52:35 html_raw_en_US_models_20181004173721.html does not contain valid JSON!
09/03/2023 00:52:35 html_raw_en_US_models_20161214024458.html does not contain valid JSON!
09/03/2023 00:52:35 html_raw_en_US_models_20170520123415.html does not contain valid JSON!
09/03/2023 00:52:35 html_raw_en_US_modelx_20161213044003.html does not contain valid JSON!
09/03/2023 00:52:35 html_raw_de_DE_models_20161118150841.html does not contain valid JSON!
09/03/2023 00:52:35 html_raw_zh_CN_modelx_20181014053756.html does not contain valid JSON!
09/03/2023 00:52:35 html_raw_no_NO_models_20170127085213.html does not contain valid JSON!
09/03/2023 00:52:35 html_raw_no_NO_models_20181017184215.html does not contain valid JSON!
09/03/2023 00:52:35 html_raw_de_DE_modelx_20181018111621.html does not contain valid JSON!
09/03/2023 00:52:35 html_raw_de_DE_modelx_20190406160713.html does not contain valid JSON!
09/03/2023 00:52:35 html_raw_zh_CN_models_20181107193400.html does not contain valid JSON!
09/03/2023 00:52:35 html_raw_zh_CN_models_20150206002222.html does not contain valid JSON!
09/03/2023 00:52:35 html_raw_zh_CN_modelx_20180806122349.html does not contain valid JSON!
09/03/2023 00:52:35 html_raw_de_DE_models_20180513200838.html does not contain valid JSON!
09/03/2023 00:52:35 html_raw_zh_CN_modelx_20181006013045.html does not contain valid JSON!
09/03/2023 00:52:35 html_raw_en_US_models_20170316070430.html does not contain valid JSON!
09/03/2023 00:52:35 html_raw_en_US_modelx_20180812020822.html does not contain valid JSON!
09/03/2023 00:52:35 html_raw_no_NO_models_20190423120252.html does not contain valid JSON!
09/03/2023 00:52:35 html_raw_zh_CN_models_20160422002249.html does not contain valid JSON!
09/03/2023 00:52:35 html_raw_zh_CN_models_20141129005855.html does not contain valid JSON!
09/03/2023 00:52:35 html_raw_en_US_models_20170416052702.html does not contain valid JSON!
09/03/2023 00:52:35 html_raw_en_US_modelx_20160916091149.html does not contain valid JSON!
09/03/2023 00:52:35 html_raw_en_US_models_20170703131228.html does not contain valid JSON!
09/03/2023 00:52:35 html_raw_de_DE_models_20180107150604.html does not contain valid JSON!
09/03/2023 00:52:35 html_raw_zh_CN_models_20190324081230.html does not contain valid JSON!
09/03/2023 00:52:35 html_raw_en_US_modelx_20180227202134.html does not contain valid JSON!
09/03/2023 00:52:35 html_raw_de_DE_modelx_20181013043049.html does not contain valid JSON!
09/03/2023 00:52:35 html_raw_de_DE_models_20181015024020.html does not contain valid JSON!
09/03/2023 00:52:35 html_raw_en_US_models_20170331110351.html does not contain valid JSON!
09/03/2023 00:52:35 html_raw_zh_CN_models_20180107150044.html does not contain valid JSON!
09/03/2023 00:52:35 html_raw_en_US_modelx_20161209004539.html does not contain valid JSON!
09/03/2023 00:52:35 html_raw_en_US_models_20171225232211.html does not contain valid JSON!
09/03/2023 00:52:35 html_raw_en_US_modelx_20170119090924.html does not contain valid JSON!
09/03/2023 00:52:35 html_raw_de_DE_models_20181013033522.html does not contain valid JSON!
09/03/2023 00:52:35 html_raw_no_NO_modelx_20180201095331.html does not contain valid JSON!
09/03/2023 00:52:35 html_raw_zh_CN_modelx_20160816200821.html does not contain valid JSON!
09/03/2023 00:52:35 html_raw_en_US_models_20170809104250.html does not contain valid JSON!
09/03/2023 00:52:35 html_raw_no_NO_models_20181015024136.html does not contain valid JSON!
09/03/2023 00:52:35 html_raw_de_DE_models_20170728062521.html does not contain valid JSON!
09/03/2023 00:52:36 html_raw_no_NO_modelx_20180805183057.html does not contain valid JSON!
09/03/2023 00:52:36 html_raw_en_US_models_20181013033120.html does not contain valid JSON!
09/03/2023 00:52:36 html_raw_de_DE_models_20181126200648.html does not contain valid JSON!
09/03/2023 00:52:36 html_raw_no_NO_models_20170418133011.html does not contain valid JSON!
09/03/2023 00:52:36 html_raw_no_NO_models_20170506005600.html does not contain valid JSON!
09/03/2023 00:52:36 html_raw_en_US_modelx_20180830031345.html does not contain valid JSON!
09/03/2023 00:52:36 html_raw_en_US_models_20180906142840.html does not contain valid JSON!
09/03/2023 00:52:36 html_raw_de_DE_modelx_20171101123637.html does not contain valid JSON!
09/03/2023 00:52:36 html_raw_en_US_modelx_20180811010016.html does not contain valid JSON!
09/03/2023 00:52:36 html_raw_en_US_models_20181015023619.html does not contain valid JSON!
09/03/2023 00:52:36 html_raw_en_US_models_20180611081244.html does not contain valid JSON!
09/03/2023 00:52:36 html_raw_no_NO_models_20170728062300.html does not contain valid JSON!
09/03/2023 00:52:36 html_raw_en_US_models_20180319004615.html does not contain valid JSON!
09/03/2023 00:52:36 html_raw_en_US_modelx_20181030230242.html does not contain valid JSON!
09/03/2023 00:52:36 html_raw_en_US_models_20180811153416.html does not contain valid JSON!
09/03/2023 00:52:36 html_raw_en_US_models_20180107150041.html does not contain valid JSON!
09/03/2023 00:52:36 html_raw_en_US_models_20161206031822.html does not contain valid JSON!
09/03/2023 00:52:36 html_raw_en_US_models_20180816100132.html does not contain valid JSON!
09/03/2023 00:52:36 html_raw_en_US_models_20171018072510.html does not contain valid JSON!
09/03/2023 00:52:36 html_raw_no_NO_modelx_20170127130013.html does not contain valid JSON!
09/03/2023 00:52:36 html_raw_en_US_models_20170412055600.html does not contain valid JSON!
09/03/2023 00:52:36 html_raw_zh_CN_models_20160316112544.html does not contain valid JSON!
09/03/2023 00:52:36 html_raw_en_US_models_20180423035329.html does not contain valid JSON!
09/03/2023 00:52:36 html_raw_en_US_modelx_20170105060611.html does not contain valid JSON!
09/03/2023 00:52:36 html_raw_no_NO_modelx_20181018111751.html does not contain valid JSON!
09/03/2023 00:52:36 html_raw_zh_CN_models_20151027141916.html does not contain valid JSON!
09/03/2023 00:52:36 html_raw_en_US_models_20170422134041.html does not contain valid JSON!
09/03/2023 00:52:36 html_raw_zh_CN_models_20150828062644.html does not contain valid JSON!
09/03/2023 00:52:36 html_raw_de_DE_models_20161022141000.html does not contain valid JSON!
09/03/2023 00:52:36 html_raw_zh_CN_models_20190423121609.html does not contain valid JSON!
09/03/2023 00:52:36 html_raw_en_US_models_20180802105513.html does not contain valid JSON!
09/03/2023 00:52:36 html_raw_en_US_models_20170407121913.html does not contain valid JSON!
09/03/2023 00:52:36 html_raw_en_US_models_20170202194423.html does not contain valid JSON!
09/03/2023 00:52:36 html_raw_en_US_models_20170513120825.html does not contain valid JSON!
09/03/2023 00:52:36 html_raw_de_DE_models_20160914204450.html does not contain valid JSON!
09/03/2023 00:52:36 html_raw_de_DE_modelx_20181021144921.html does not contain valid JSON!
09/03/2023 00:52:36 html_raw_en_US_modelx_20170210031118.html does not contain valid JSON!
09/03/2023 00:52:36 html_raw_en_US_modelx_20181017074757.html does not contain valid JSON!
09/03/2023 00:52:36 html_raw_en_US_modelx_20181016075827.html does not contain valid JSON!
09/03/2023 00:52:36 html_raw_en_US_models_20170223173954.html does not contain valid JSON!
09/03/2023 00:52:36 html_raw_no_NO_modelx_20181002070512.html does not contain valid JSON!
09/03/2023 00:52:36 html_raw_en_US_models_20171125100233.html does not contain valid JSON!
09/03/2023 00:52:36 html_raw_en_US_models_20180807053532.html does not contain valid JSON!
09/03/2023 00:52:36 html_raw_en_US_modelx_20180201171113.html does not contain valid JSON!
09/03/2023 00:52:36 html_raw_en_US_modelx_20180612143558.html does not contain valid JSON!
09/03/2023 00:52:36 html_raw_en_US_models_20171207072106.html does not contain valid JSON!
09/03/2023 00:52:36 html_raw_en_US_models_20170726181354.html does not contain valid JSON!
09/03/2023 00:52:36 html_raw_en_US_models_20181113063407.html does not contain valid JSON!
09/03/2023 00:52:36 html_raw_zh_CN_modelx_20181017074758.html does not contain valid JSON!
09/03/2023 00:52:36 html_raw_en_US_models_20170310094711.html does not contain valid JSON!
09/03/2023 00:52:36 html_raw_zh_CN_modelx_20181016075828.html does not contain valid JSON!
09/03/2023 00:52:36 html_raw_zh_CN_models_20180806122414.html does not contain valid JSON!
09/03/2023 00:52:36 html_raw_zh_CN_modelx_20180712052901.html does not contain valid JSON!
09/03/2023 00:52:36 html_raw_zh_CN_modelx_20180209234209.html does not contain valid JSON!
09/03/2023 00:52:36 html_raw_en_US_modelx_20180817102815.html does not contain valid JSON!
09/03/2023 00:52:36 html_raw_en_US_modelx_20180929080654.html does not contain valid JSON!
09/03/2023 00:52:36 html_raw_no_NO_models_20170726181426.html does not contain valid JSON!
09/03/2023 00:52:36 html_raw_de_DE_models_20170127035628.html does not contain valid JSON!
09/03/2023 00:52:36 html_raw_en_US_models_20160912175418.html does not contain valid JSON!
09/03/2023 00:52:36 html_raw_zh_CN_modelx_20160916095404.html does not contain valid JSON!
09/03/2023 00:52:36 html_raw_en_US_models_20161229074918.html does not contain valid JSON!
09/03/2023 00:52:36 html_raw_en_US_models_20170603155057.html does not contain valid JSON!
09/03/2023 00:52:36 html_raw_zh_CN_models_20180814054922.html does not contain valid JSON!
09/03/2023 00:52:36 html_raw_en_US_models_20170708022626.html does not contain valid JSON!
09/03/2023 00:52:36 html_raw_zh_CN_models_20171114085730.html does not contain valid JSON!
09/03/2023 00:52:36 html_raw_en_US_models_20160826105750.html does not contain valid JSON!
09/03/2023 00:52:36 html_raw_en_US_models_20170617160249.html does not contain valid JSON!
09/03/2023 00:52:36 html_raw_en_US_models_20170610150619.html does not contain valid JSON!
09/03/2023 00:52:36 html_raw_en_US_models_20180201105827.html does not contain valid JSON!
09/03/2023 00:52:36 html_raw_en_US_models_20171109061706.html does not contain valid JSON!
09/03/2023 00:52:36 html_raw_en_US_models_20170504001521.html does not contain valid JSON!
09/03/2023 00:52:36 html_raw_zh_CN_models_20181013033142.html does not contain valid JSON!
09/03/2023 00:52:36 html_raw_de_DE_modelx_20181020133002.html does not contain valid JSON!
09/03/2023 00:52:36 html_raw_zh_CN_models_20161230042532.html does not contain valid JSON!
09/03/2023 00:52:36 html_raw_en_US_models_20180815202058.html does not contain valid JSON!
09/03/2023 00:52:36 html_raw_en_US_models_20181011193749.html does not contain valid JSON!
09/03/2023 00:52:36 html_raw_en_US_model3_20190313020852.html does not contain valid JSON!
09/03/2023 00:52:36 html_raw_zh_CN_models_20161229160307.html does not contain valid JSON!
09/03/2023 00:52:36 html_raw_en_US_models_20170303100059.html does not contain valid JSON!
09/03/2023 00:52:36 html_raw_no_NO_models_20181013033641.html does not contain valid JSON!
09/03/2023 00:52:36 html_raw_en_US_models_20180726085525.html does not contain valid JSON!
09/03/2023 00:52:36 html_raw_en_US_models_20170415031850.html does not contain valid JSON!
09/03/2023 00:52:36 html_raw_en_US_models_20180402015535.html does not contain valid JSON!
09/03/2023 00:52:36 html_raw_en_US_models_20161129043537.html does not contain valid JSON!
09/03/2023 00:52:36 html_raw_no_NO_models_20160914220800.html does not contain valid JSON!
09/03/2023 00:52:36 html_raw_en_US_modelx_20161026161642.html does not contain valid JSON!
09/03/2023 00:52:36 html_raw_zh_CN_modelx_20160804160305.html does not contain valid JSON!
09/03/2023 00:52:36 html_raw_en_US_models_20161007061340.html does not contain valid JSON!
09/03/2023 00:52:36 html_raw_de_DE_modelx_20190324060321.html does not contain valid JSON!
09/03/2023 00:52:36 html_raw_en_US_modelx_20161115075334.html does not contain valid JSON!
09/03/2023 00:52:36 html_raw_en_US_models_20180409030149.html does not contain valid JSON!
09/03/2023 00:52:36 html_raw_en_US_models_20181023211018.html does not contain valid JSON!
09/03/2023 00:52:36 html_raw_en_US_models_20180430044648.html does not contain valid JSON!
09/03/2023 00:52:36 html_raw_no_NO_models_20180815074510.html does not contain valid JSON!
09/03/2023 00:52:36 html_raw_en_US_models_20171004070342.html does not contain valid JSON!
09/03/2023 00:52:36 html_raw_en_US_models_20180612140317.html does not contain valid JSON!
09/03/2023 00:52:36 html_raw_en_US_modelx_20160801110213.html does not contain valid JSON!
09/03/2023 00:52:36 html_raw_zh_CN_modelx_20170128122228.html does not contain valid JSON!
09/03/2023 00:52:36 html_raw_zh_CN_models_20180514021639.html does not contain valid JSON!
09/03/2023 00:52:37 html_raw_en_US_models_20170506003948.html does not contain valid JSON!
09/03/2023 00:52:37 html_raw_en_US_models_20171228080604.html does not contain valid JSON!
09/03/2023 00:52:37 html_raw_zh_CN_modelx_20181021144520.html does not contain valid JSON!
09/03/2023 00:52:37 html_raw_en_US_models_20171102043554.html does not contain valid JSON!
09/03/2023 00:52:37 html_raw_en_US_models_20160730021246.html does not contain valid JSON!
09/03/2023 00:52:37 html_raw_zh_CN_models_20170726181445.html does not contain valid JSON!
09/03/2023 00:52:37 html_raw_en_US_models_20160920060444.html does not contain valid JSON!
09/03/2023 00:52:37 html_raw_zh_CN_modelx_20170106072127.html does not contain valid JSON!
09/03/2023 00:52:37 html_raw_no_NO_models_20180107150349.html does not contain valid JSON!
09/03/2023 00:52:37 html_raw_en_US_modelx_20160826192902.html does not contain valid JSON!
09/03/2023 00:52:37 html_raw_no_NO_modelx_20171101122628.html does not contain valid JSON!
09/03/2023 00:52:37 html_raw_de_DE_modelx_20180712004016.html does not contain valid JSON!
09/03/2023 00:52:37 html_raw_en_US_models_20180812090210.html does not contain valid JSON!
09/03/2023 00:52:37 html_raw_en_US_models_20171025074129.html does not contain valid JSON!
09/03/2023 00:52:37 html_raw_en_US_models_20180225213429.html does not contain valid JSON!
09/03/2023 00:52:37 html_raw_zh_CN_models_20180807004352.html does not contain valid JSON!
09/03/2023 00:52:37 html_raw_en_US_models_20170101214638.html does not contain valid JSON!
09/03/2023 00:52:37 html_raw_no_NO_models_20181014014323.html does not contain valid JSON!
09/03/2023 00:52:37 html_raw_en_US_models_20180218205819.html does not contain valid JSON!
09/03/2023 00:52:37 html_raw_en_US_modelx_20180118041430.html does not contain valid JSON!
09/03/2023 00:52:37 html_raw_en_US_modelx_20171117233640.html does not contain valid JSON!
09/03/2023 00:52:37 html_raw_zh_CN_models_20180209163232.html does not contain valid JSON!
09/03/2023 00:52:37 html_raw_en_US_models_20161223062453.html does not contain valid JSON!
09/03/2023 00:52:37 html_raw_en_US_models_20170210031108.html does not contain valid JSON!
09/03/2023 00:52:37 html_raw_zh_CN_models_20171124101106.html does not contain valid JSON!
09/03/2023 00:52:37 html_raw_no_NO_modelx_20181016080417.html does not contain valid JSON!
09/03/2023 00:52:37 html_raw_en_US_models_20180806140102.html does not contain valid JSON!
09/03/2023 00:52:37 html_raw_en_US_modelx_20180805183031.html does not contain valid JSON!
09/03/2023 00:52:37 html_raw_en_US_models_20170905041004.html does not contain valid JSON!
09/03/2023 00:52:37 html_raw_de_DE_models_20180201092131.html does not contain valid JSON!
09/03/2023 00:52:37 html_raw_en_US_models_20180416034623.html does not contain valid JSON!
09/03/2023 00:52:37 html_raw_en_US_models_20171031063733.html does not contain valid JSON!
09/03/2023 00:52:37 html_raw_en_US_models_20170317103602.html does not contain valid JSON!
09/03/2023 00:52:37 html_raw_de_DE_models_20170726181432.html does not contain valid JSON!
09/03/2023 00:52:37 html_raw_no_NO_modelx_20181017075326.html does not contain valid JSON!
09/03/2023 00:52:37 html_raw_en_US_models_20180830042556.html does not contain valid JSON!
09/03/2023 00:52:37 html_raw_en_US_modelx_20171023063300.html does not contain valid JSON!
09/03/2023 00:52:37 html_raw_en_US_model3_20190311162659.html does not contain valid JSON!
09/03/2023 00:52:37 html_raw_en_US_models_20161108062858.html does not contain valid JSON!
09/03/2023 00:52:37 html_raw_en_US_models_20170224085843.html does not contain valid JSON!
09/03/2023 00:52:37 html_raw_no_NO_modelx_20160916091525.html does not contain valid JSON!
09/03/2023 00:52:37 html_raw_zh_CN_models_20160414153832.html does not contain valid JSON!
09/03/2023 00:52:37 html_raw_zh_CN_modelx_20160708230026.html does not contain valid JSON!
09/03/2023 00:52:37 html_raw_no_NO_modelx_20181020133123.html does not contain valid JSON!
09/03/2023 00:52:37 html_raw_en_US_models_20161124190354.html does not contain valid JSON!
09/03/2023 00:52:37 html_raw_no_NO_modelx_20190407140058.html does not contain valid JSON!
09/03/2023 00:52:37 html_raw_no_NO_models_20180513202207.html does not contain valid JSON!
09/03/2023 00:52:37 html_raw_en_US_models_20161122064136.html does not contain valid JSON!
09/03/2023 00:52:37 html_raw_de_DE_modelx_20181014054201.html does not contain valid JSON!
09/03/2023 00:52:37 html_raw_de_DE_models_20170808043402.html does not contain valid JSON!
09/03/2023 00:52:37 html_raw_en_US_models_20180118094004.html does not contain valid JSON!
09/03/2023 00:52:37 html_raw_en_US_modelx_20180901185606.html does not contain valid JSON!
09/03/2023 00:52:37 html_raw_en_US_modelx_20161015214025.html does not contain valid JSON!
09/03/2023 00:52:37 html_raw_en_US_modelx_20180809220344.html does not contain valid JSON!
09/03/2023 00:52:37 html_raw_de_DE_modelx_20181111200553.html does not contain valid JSON!
09/03/2023 00:52:37 html_raw_de_DE_modelx_20181002051807.html does not contain valid JSON!
09/03/2023 00:52:37 html_raw_en_US_models_20180927180019.html does not contain valid JSON!
09/03/2023 00:52:37 html_raw_en_US_models_20170511032018.html does not contain valid JSON!
09/03/2023 00:52:37 html_raw_no_NO_models_20170407130138.html does not contain valid JSON!
09/03/2023 00:52:38 html_raw_en_US_models_20180208143055.html does not contain valid JSON!
09/03/2023 00:52:38 html_raw_en_US_models_20170527141435.html does not contain valid JSON!
09/03/2023 00:52:38 html_raw_en_US_models_20180909022722.html does not contain valid JSON!
09/03/2023 00:52:38 html_raw_no_NO_models_20181016034032.html does not contain valid JSON!
09/03/2023 00:52:38 html_raw_zh_CN_modelx_20190213195352.html does not contain valid JSON!
09/03/2023 00:52:38 html_raw_no_NO_models_20170419135942.html does not contain valid JSON!
09/03/2023 00:52:38 html_raw_de_DE_modelx_20180805183053.html does not contain valid JSON!
09/03/2023 00:52:38 html_raw_no_NO_models_20161229154938.html does not contain valid JSON!
09/03/2023 00:52:38 html_raw_en_US_models_20171119044005.html does not contain valid JSON!
09/03/2023 00:52:38 html_raw_en_US_modelx_20160902105222.html does not contain valid JSON!
09/03/2023 00:52:38 html_raw_en_US_models_20170912050946.html does not contain valid JSON!
09/03/2023 00:52:38 html_raw_zh_CN_models_20150311000821.html does not contain valid JSON!
09/03/2023 00:52:38 html_raw_zh_CN_models_20150207073231.html does not contain valid JSON!
09/03/2023 00:52:38 html_raw_en_US_models_20180311231858.html does not contain valid JSON!
09/03/2023 00:52:38 html_raw_zh_CN_modelx_20171222233113.html does not contain valid JSON!
09/03/2023 00:52:38 html_raw_de_DE_modelx_20180201042608.html does not contain valid JSON!
09/03/2023 00:52:38 html_raw_zh_CN_models_20160602021602.html does not contain valid JSON!
09/03/2023 00:52:38 html_raw_en_US_models_20171221075817.html does not contain valid JSON!
09/03/2023 00:52:38 html_raw_en_US_models_20171114085732.html does not contain valid JSON!
09/03/2023 00:52:38 html_raw_en_US_models_20161209004527.html does not contain valid JSON!
09/03/2023 00:52:38 html_raw_en_US_modelx_20160912175431.html does not contain valid JSON!
09/03/2023 00:52:38 html_raw_no_NO_modelx_20181013043210.html does not contain valid JSON!
09/03/2023 00:52:38 html_raw_en_US_models_20180913150337.html does not contain valid JSON!
09/03/2023 00:52:38 html_raw_no_NO_models_20181112143934.html does not contain valid JSON!
09/03/2023 00:52:38 html_raw_zh_CN_models_20181016033512.html does not contain valid JSON!
09/03/2023 00:52:38 html_raw_en_US_models_20170216165057.html does not contain valid JSON!
09/03/2023 00:52:38 html_raw_en_US_modelx_20181014053743.html does not contain valid JSON!
09/03/2023 00:52:38 html_raw_zh_CN_models_20160729012251.html does not contain valid JSON!
09/03/2023 00:52:38 html_raw_en_US_models_20170404204819.html does not contain valid JSON!
09/03/2023 00:52:38 html_raw_zh_CN_modelx_20190324060149.html does not contain valid JSON!
09/03/2023 00:52:38 html_raw_en_US_models_20180809102240.html does not contain valid JSON!
09/03/2023 00:52:38 html_raw_en_US_modelx_20161122064149.html does not contain valid JSON!
09/03/2023 00:52:38 html_raw_zh_CN_models_20170128093635.html does not contain valid JSON!
09/03/2023 00:52:38 html_raw_en_US_models_20180618093221.html does not contain valid JSON!
09/03/2023 00:52:38 html_raw_de_DE_models_20170419135921.html does not contain valid JSON!
09/03/2023 00:52:38 html_raw_en_US_modelx_20161210044052.html does not contain valid JSON!
09/03/2023 00:52:38 html_raw_en_US_modelx_20190309154948.html does not contain valid JSON!
09/03/2023 00:52:38 html_raw_en_US_models_20181017183640.html does not contain valid JSON!
09/03/2023 00:52:38 html_raw_zh_CN_models_20160517193652.html does not contain valid JSON!
09/03/2023 00:52:38 html_raw_en_US_models_20171011071226.html does not contain valid JSON!
09/03/2023 00:52:38 html_raw_en_US_models_20180125110103.html does not contain valid JSON!
09/03/2023 00:52:38 html_raw_de_DE_modelx_20181016080256.html does not contain valid JSON!
09/03/2023 00:52:38 html_raw_de_DE_models_20181111200444.html does not contain valid JSON!
09/03/2023 00:52:38 html_raw_en_US_modelx_20180806135514.html does not contain valid JSON!
09/03/2023 00:52:38 html_raw_no_NO_modelx_20160820054445.html does not contain valid JSON!
09/03/2023 00:52:38 html_raw_en_US_models_20180304233700.html does not contain valid JSON!
09/03/2023 00:52:38 html_raw_zh_CN_modelx_20180713034356.html does not contain valid JSON!
09/03/2023 00:52:38 html_raw_zh_CN_models_20150215162246.html does not contain valid JSON!
09/03/2023 00:52:38 html_raw_en_US_models_20161022202131.html does not contain valid JSON!
09/03/2023 00:52:38 html_raw_en_US_models_20161221214828.html does not contain valid JSON!
09/03/2023 00:52:38 html_raw_en_US_modelx_20170420213719.html does not contain valid JSON!
09/03/2023 00:52:38 html_raw_en_US_models_20180227202059.html does not contain valid JSON!
09/03/2023 00:52:38 html_raw_en_US_models_20160819114735.html does not contain valid JSON!
09/03/2023 00:52:38 html_raw_en_US_models_20161222102225.html does not contain valid JSON!
09/03/2023 00:52:38 html_raw_no_NO_modelx_20190324060334.html does not contain valid JSON!
09/03/2023 00:52:38 html_raw_en_US_models_20170728061921.html does not contain valid JSON!
09/03/2023 00:52:38 html_raw_zh_CN_models_20150228042826.html does not contain valid JSON!
09/03/2023 00:52:38 html_raw_en_US_modelx_20161229074931.html does not contain valid JSON!
09/03/2023 00:52:38 html_raw_zh_CN_models_20181014013736.html does not contain valid JSON!
09/03/2023 00:52:38 html_raw_zh_CN_modelx_20180807004310.html does not contain valid JSON!
09/03/2023 00:52:38 html_raw_en_US_models_20171211020721.html does not contain valid JSON!
09/03/2023 00:52:38 html_raw_en_US_modelx_20190310190331.html does not contain valid JSON!
09/03/2023 00:52:38 html_raw_zh_CN_models_20150308010432.html does not contain valid JSON!
09/03/2023 00:52:38 html_raw_en_US_models_20170209113625.html does not contain valid JSON!
09/03/2023 00:52:38 html_raw_en_US_models_20170919065658.html does not contain valid JSON!
09/03/2023 00:52:38 html_raw_en_US_models_20181018212306.html does not contain valid JSON!
09/03/2023 00:52:38 html_raw_de_DE_modelx_20160916091617.html does not contain valid JSON!
09/03/2023 00:52:38 html_raw_zh_CN_models_20180823214319.html does not contain valid JSON!
09/03/2023 00:52:38 html_raw_en_US_models_20170419084313.html does not contain valid JSON!
09/03/2023 00:52:38 html_raw_de_DE_models_20190423135506.html does not contain valid JSON!
09/03/2023 00:52:38 html_raw_zh_CN_modelx_20190407122105.html does not contain valid JSON!
09/03/2023 00:52:38 html_raw_en_US_models_20170417063712.html does not contain valid JSON!
09/03/2023 00:52:38 html_raw_en_US_model3_20190315015526.html does not contain valid JSON!
09/03/2023 00:52:38 html_raw_en_US_models_20170923161420.html does not contain valid JSON!
09/03/2023 00:52:38 html_raw_zh_CN_models_20181015023631.html does not contain valid JSON!
09/03/2023 00:52:38 html_raw_en_US_modelx_20170514024139.html does not contain valid JSON!
09/03/2023 00:52:38 html_raw_zh_CN_models_20150216151041.html does not contain valid JSON!
09/03/2023 00:52:38 html_raw_en_US_models_20170119090912.html does not contain valid JSON!
09/03/2023 00:52:38 html_raw_de_DE_models_20161229155040.html does not contain valid JSON!
09/03/2023 00:52:38 html_raw_en_US_models_20160902105210.html does not contain valid JSON!
09/03/2023 00:52:38 html_raw_en_US_models_20161210044039.html does not contain valid JSON!
09/03/2023 00:52:38 html_raw_de_DE_models_20170324115605.html does not contain valid JSON!
09/03/2023 00:52:38 html_raw_en_US_models_20170421133442.html does not contain valid JSON!
09/03/2023 00:52:38 html_raw_en_US_models_20171116090927.html does not contain valid JSON!
09/03/2023 00:52:38 html_raw_en_US_models_20170715170110.html does not contain valid JSON!
09/03/2023 00:52:38 html_raw_de_DE_modelx_20181030231908.html does not contain valid JSON!
09/03/2023 00:52:38 html_raw_de_DE_modelx_20170726181509.html does not contain valid JSON!
09/03/2023 00:52:39 html_raw_en_US_modelx_20181005150638.html does not contain valid JSON!
09/03/2023 00:52:39 html_raw_de_DE_modelx_20180209225053.html does not contain valid JSON!
09/03/2023 00:52:39 html_raw_no_NO_modelx_20181021145039.html does not contain valid JSON!
09/03/2023 00:52:39 html_raw_en_US_models_20180814204125.html does not contain valid JSON!
09/03/2023 00:52:39 html_raw_en_US_models_20180521084014.html does not contain valid JSON!
09/03/2023 00:52:39 html_raw_zh_CN_models_20180617052819.html does not contain valid JSON!
09/03/2023 00:52:39 html_raw_en_US_models_20171204213019.html does not contain valid JSON!
09/03/2023 00:52:39 html_raw_en_US_models_20170609051801.html does not contain valid JSON!
09/03/2023 00:52:39 html_raw_en_US_models_20180104083534.html does not contain valid JSON!
09/03/2023 00:52:39 html_raw_en_US_models_20160729154032.html does not contain valid JSON!
09/03/2023 00:52:39 html_raw_no_NO_modelx_20170726181459.html does not contain valid JSON!
09/03/2023 00:52:39 html_raw_en_US_models_20180326011247.html does not contain valid JSON!
09/03/2023 00:52:39 html_raw_de_DE_models_20171130223635.html does not contain valid JSON!
09/03/2023 00:52:39 html_raw_en_US_modelx_20160819211437.html does not contain valid JSON!
09/03/2023 00:52:39 html_raw_en_US_models_20170126080639.html does not contain valid JSON!
09/03/2023 00:52:39 html_raw_en_US_models_20170701161802.html does not contain valid JSON!
09/03/2023 00:52:39 html_raw_en_US_models_20180111102731.html does not contain valid JSON!
09/03/2023 00:52:39 html_raw_de_DE_models_20180702233315.html does not contain valid JSON!
09/03/2023 00:52:39 html_raw_zh_CN_models_20160616221615.html does not contain valid JSON!
09/03/2023 00:52:39 html_raw_en_US_models_20170624163407.html does not contain valid JSON!
09/03/2023 00:52:39 html_raw_en_US_modelx_20170112143410.html does not contain valid JSON!
09/03/2023 00:52:39 html_raw_de_DE_models_20181017184052.html does not contain valid JSON!
09/03/2023 00:52:39 html_raw_en_US_modelx_20170726181438.html does not contain valid JSON!
09/03/2023 00:52:39 html_raw_en_US_models_20170429070907.html does not contain valid JSON!
09/03/2023 00:52:39 html_raw_en_US_models_20161015214015.html does not contain valid JSON!
09/03/2023 00:52:39 html_raw_en_US_models_20181012191954.html does not contain valid JSON!
09/03/2023 00:52:39 html_raw_en_US_modelx_20161007061358.html does not contain valid JSON!
09/03/2023 00:52:39 html_raw_en_US_modelx_20160920060457.html does not contain valid JSON!
09/03/2023 00:52:39 html_raw_en_US_modelx_20181020132556.html does not contain valid JSON!
09/03/2023 00:52:39 html_raw_en_US_modelx_20161108062909.html does not contain valid JSON!
